# JRE version: OpenJDK Runtime Environment (8.0_152-b01) (build 1.8.0_152-release-915-b01)
# Java VM: OpenJDK 64-Bit Server VM (25.152-b01 mixed mode linux-amd64 compressed oops)
Heap:
 PSYoungGen      total 272896K, used 128K [0x00000000e0000000, 0x00000000f2380000, 0x0000000100000000)
  eden space 249344K, 0% used [0x00000000e0000000,0x00000000e0000000,0x00000000ef380000)
  from space 23552K, 0% used [0x00000000ef380000,0x00000000ef3a0000,0x00000000f0a80000)
  to   space 24576K, 0% used [0x00000000f0a80000,0x00000000f0a80000,0x00000000f2280000)
 ParOldGen       total 119296K, used 41664K [0x00000000a0000000, 0x00000000a7480000, 0x00000000e0000000)
  object space 119296K, 34% used [0x00000000a0000000,0x00000000a28b0090,0x00000000a7480000)
 Metaspace       used 65057K, capacity 67022K, committed 67416K, reserved 1107968K
  class space    used 8526K, capacity 8996K, committed 9088K, reserved 1048576K
GC Heap History (10 events):
Event: 31,004 GC heap after
Heap after GC invocations=16 (full 2):
 PSYoungGen      total 211968K, used 1616K [0x00000000e0000000, 0x00000000ede00000, 0x0000000100000000)
  eden space 198656K, 0% used [0x00000000e0000000,0x00000000e0000000,0x00000000ec200000)
  from space 13312K, 12% used [0x00000000ed100000,0x00000000ed294310,0x00000000ede00000)
  to   space 14336K, 0% used [0x00000000ec200000,0x00000000ec200000,0x00000000ed000000)
 ParOldGen       total 52224K, used 37853K [0x00000000a0000000, 0x00000000a3300000, 0x00000000e0000000)
  object space 52224K, 72% used [0x00000000a0000000,0x00000000a24f7708,0x00000000a3300000)
 Metaspace       used 57175K, capacity 58930K, committed 59028K, reserved 1099776K
  class space    used 7726K, capacity 8178K, committed 8192K, reserved 1048576K
}
Event: 31,004 GC heap before
{Heap before GC invocations=17 (full 3):
 PSYoungGen      total 211968K, used 1616K [0x00000000e0000000, 0x00000000ede00000, 0x0000000100000000)
  eden space 198656K, 0% used [0x00000000e0000000,0x00000000e0000000,0x00000000ec200000)
  from space 13312K, 12% used [0x00000000ed100000,0x00000000ed294310,0x00000000ede00000)
  to   space 14336K, 0% used [0x00000000ec200000,0x00000000ec200000,0x00000000ed000000)
 ParOldGen       total 52224K, used 37853K [0x00000000a0000000, 0x00000000a3300000, 0x00000000e0000000)
  object space 52224K, 72% used [0x00000000a0000000,0x00000000a24f7708,0x00000000a3300000)
 Metaspace       used 57175K, capacity 58930K, committed 59028K, reserved 1099776K
  class space    used 7726K, capacity 8178K, committed 8192K, reserved 1048576K
Event: 31,455 GC heap after
Heap after GC invocations=17 (full 3):
 PSYoungGen      total 211968K, used 0K [0x00000000e0000000, 0x00000000ede00000, 0x0000000100000000)
  eden space 198656K, 0% used [0x00000000e0000000,0x00000000e0000000,0x00000000ec200000)
  from space 13312K, 0% used [0x00000000ed100000,0x00000000ed100000,0x00000000ede00000)
  to   space 14336K, 0% used [0x00000000ec200000,0x00000000ec200000,0x00000000ed000000)
 ParOldGen       total 81920K, used 29701K [0x00000000a0000000, 0x00000000a5000000, 0x00000000e0000000)
  object space 81920K, 36% used [0x00000000a0000000,0x00000000a1d01678,0x00000000a5000000)
 Metaspace       used 57175K, capacity 58930K, committed 59028K, reserved 1099776K
  class space    used 7726K, capacity 8178K, committed 8192K, reserved 1048576K
}
Event: 35,765 GC heap before
{Heap before GC invocations=18 (full 3):
 PSYoungGen      total 211968K, used 198656K [0x00000000e0000000, 0x00000000ede00000, 0x0000000100000000)
  eden space 198656K, 100% used [0x00000000e0000000,0x00000000ec200000,0x00000000ec200000)
  from space 13312K, 0% used [0x00000000ed100000,0x00000000ed100000,0x00000000ede00000)
  to   space 14336K, 0% used [0x00000000ec200000,0x00000000ec200000,0x00000000ed000000)
 ParOldGen       total 81920K, used 29701K [0x00000000a0000000, 0x00000000a5000000, 0x00000000e0000000)
  object space 81920K, 36% used [0x00000000a0000000,0x00000000a1d01678,0x00000000a5000000)
 Metaspace       used 63504K, capacity 65398K, committed 65624K, reserved 1105920K
  class space    used 8337K, capacity 8804K, committed 8832K, reserved 1048576K
Event: 35,855 GC heap after
Heap after GC invocations=18 (full 3):
 PSYoungGen      total 212992K, used 14318K [0x00000000e0000000, 0x00000000f2280000, 0x0000000100000000)
  eden space 198656K, 0% used [0x00000000e0000000,0x00000000e0000000,0x00000000ec200000)
  from space 14336K, 99% used [0x00000000ec200000,0x00000000ecffb948,0x00000000ed000000)
  to   space 24576K, 0% used [0x00000000f0a80000,0x00000000f0a80000,0x00000000f2280000)
 ParOldGen       total 81920K, used 52240K [0x00000000a0000000, 0x00000000a5000000, 0x00000000e0000000)
  object space 81920K, 63% used [0x00000000a0000000,0x00000000a3304220,0x00000000a5000000)
 Metaspace       used 63504K, capacity 65398K, committed 65624K, reserved 1105920K
  class space    used 8337K, capacity 8804K, committed 8832K, reserved 1048576K
}
Event: 37,546 GC heap before
{Heap before GC invocations=19 (full 3):
 PSYoungGen      total 212992K, used 212843K [0x00000000e0000000, 0x00000000f2280000, 0x0000000100000000)
  eden space 198656K, 99% used [0x00000000e0000000,0x00000000ec1df3d0,0x00000000ec200000)
  from space 14336K, 99% used [0x00000000ec200000,0x00000000ecffb948,0x00000000ed000000)
  to   space 24576K, 0% used [0x00000000f0a80000,0x00000000f0a80000,0x00000000f2280000)
 ParOldGen       total 81920K, used 52240K [0x00000000a0000000, 0x00000000a5000000, 0x00000000e0000000)
  object space 81920K, 63% used [0x00000000a0000000,0x00000000a3304220,0x00000000a5000000)
 Metaspace       used 65068K, capacity 67080K, committed 67416K, reserved 1107968K
  class space    used 8533K, capacity 9007K, committed 9088K, reserved 1048576K
Event: 37,591 GC heap after
Heap after GC invocations=19 (full 3):
 PSYoungGen      total 273920K, used 6629K [0x00000000e0000000, 0x00000000f2380000, 0x0000000100000000)
  eden space 249344K, 0% used [0x00000000e0000000,0x00000000e0000000,0x00000000ef380000)
  from space 24576K, 26% used [0x00000000f0a80000,0x00000000f10f94b8,0x00000000f2280000)
  to   space 23552K, 0% used [0x00000000ef380000,0x00000000ef380000,0x00000000f0a80000)
 ParOldGen       total 81920K, used 66211K [0x00000000a0000000, 0x00000000a5000000, 0x00000000e0000000)
  object space 81920K, 80% used [0x00000000a0000000,0x00000000a40a8e50,0x00000000a5000000)
 Metaspace       used 65068K, capacity 67080K, committed 67416K, reserved 1107968K
  class space    used 8533K, capacity 9007K, committed 9088K, reserved 1048576K
}
Event: 37,595 GC heap before
{Heap before GC invocations=20 (full 4):
 PSYoungGen      total 273920K, used 6629K [0x00000000e0000000, 0x00000000f2380000, 0x0000000100000000)
  eden space 249344K, 0% used [0x00000000e0000000,0x00000000e0000000,0x00000000ef380000)
  from space 24576K, 26% used [0x00000000f0a80000,0x00000000f10f94b8,0x00000000f2280000)
  to   space 23552K, 0% used [0x00000000ef380000,0x00000000ef380000,0x00000000f0a80000)
 ParOldGen       total 81920K, used 66211K [0x00000000a0000000, 0x00000000a5000000, 0x00000000e0000000)
  object space 81920K, 80% used [0x00000000a0000000,0x00000000a40a8e50,0x00000000a5000000)
 Metaspace       used 65068K, capacity 67080K, committed 67416K, reserved 1107968K
  class space    used 8533K, capacity 9007K, committed 9088K, reserved 1048576K
Event: 37,816 GC heap after
Heap after GC invocations=20 (full 4):
 PSYoungGen      total 273920K, used 0K [0x00000000e0000000, 0x00000000f2380000, 0x0000000100000000)
  eden space 249344K, 0% used [0x00000000e0000000,0x00000000e0000000,0x00000000ef380000)
  from space 24576K, 0% used [0x00000000f0a80000,0x00000000f0a80000,0x00000000f2280000)
  to   space 23552K, 0% used [0x00000000ef380000,0x00000000ef380000,0x00000000f0a80000)
 ParOldGen       total 119296K, used 41656K [0x00000000a0000000, 0x00000000a7480000, 0x00000000e0000000)
  object space 119296K, 34% used [0x00000000a0000000,0x00000000a28ae090,0x00000000a7480000)
 Metaspace       used 65050K, capacity 67022K, committed 67416K, reserved 1107968K
  class space    used 8526K, capacity 8996K, committed 9088K, reserved 1048576K
}
Event: 37,926 GC heap before
{Heap before GC invocations=21 (full 4):
 PSYoungGen      total 273920K, used 249244K [0x00000000e0000000, 0x00000000f2380000, 0x0000000100000000)
  eden space 249344K, 99% used [0x00000000e0000000,0x00000000ef3672d8,0x00000000ef380000)
  from space 24576K, 0% used [0x00000000f0a80000,0x00000000f0a80000,0x00000000f2280000)
  to   space 23552K, 0% used [0x00000000ef380000,0x00000000ef380000,0x00000000f0a80000)
 ParOldGen       total 119296K, used 41656K [0x00000000a0000000, 0x00000000a7480000, 0x00000000e0000000)
  object space 119296K, 34% used [0x00000000a0000000,0x00000000a28ae090,0x00000000a7480000)
 Metaspace       used 65057K, capacity 67022K, committed 67416K, reserved 1107968K
  class space    used 8526K, capacity 8996K, committed 9088K, reserved 1048576K

