# JRE version: OpenJDK Runtime Environment (8.0_152-b01) (build 1.8.0_152-release-915-b01)
# Java VM: OpenJDK 64-Bit Server VM (25.152-b01 mixed mode linux-amd64 compressed oops)
Heap:
 PSYoungGen      total 268288K, used 9189K [0x00000000e0000000, 0x00000000f1600000, 0x0000000100000000)
  eden space 251904K, 0% used [0x00000000e0000000,0x00000000e0000000,0x00000000ef600000)
  from space 16384K, 56% used [0x00000000ef600000,0x00000000efef94f0,0x00000000f0600000)
  to   space 14336K, 0% used [0x00000000f0800000,0x00000000f0800000,0x00000000f1600000)
 ParOldGen       total 38912K, used 33591K [0x00000000a0000000, 0x00000000a2600000, 0x00000000e0000000)
  object space 38912K, 86% used [0x00000000a0000000,0x00000000a20cdc80,0x00000000a2600000)
 Metaspace       used 57122K, capacity 58858K, committed 59028K, reserved 1099776K
  class space    used 7681K, capacity 8138K, committed 8192K, reserved 1048576K
GC Heap History (10 events):
Event: 10,074 GC heap after
Heap after GC invocations=10 (full 1):
 PSYoungGen      total 126464K, used 9698K [0x00000000e0000000, 0x00000000ebf80000, 0x0000000100000000)
  eden space 116736K, 0% used [0x00000000e0000000,0x00000000e0000000,0x00000000e7200000)
  from space 9728K, 99% used [0x00000000e7200000,0x00000000e7b78bf8,0x00000000e7b80000)
  to   space 11264K, 0% used [0x00000000eb480000,0x00000000eb480000,0x00000000ebf80000)
 ParOldGen       total 32768K, used 12814K [0x00000000a0000000, 0x00000000a2000000, 0x00000000e0000000)
  object space 32768K, 39% used [0x00000000a0000000,0x00000000a0c83888,0x00000000a2000000)
 Metaspace       used 31328K, capacity 31996K, committed 32256K, reserved 1077248K
  class space    used 4275K, capacity 4503K, committed 4608K, reserved 1048576K
}
Event: 10,679 GC heap before
{Heap before GC invocations=11 (full 1):
 PSYoungGen      total 126464K, used 23827K [0x00000000e0000000, 0x00000000ebf80000, 0x0000000100000000)
  eden space 116736K, 12% used [0x00000000e0000000,0x00000000e0dcc308,0x00000000e7200000)
  from space 9728K, 99% used [0x00000000e7200000,0x00000000e7b78bf8,0x00000000e7b80000)
  to   space 11264K, 0% used [0x00000000eb480000,0x00000000eb480000,0x00000000ebf80000)
 ParOldGen       total 32768K, used 12814K [0x00000000a0000000, 0x00000000a2000000, 0x00000000e0000000)
  object space 32768K, 39% used [0x00000000a0000000,0x00000000a0c83888,0x00000000a2000000)
 Metaspace       used 34441K, capacity 35188K, committed 35416K, reserved 1079296K
  class space    used 4681K, capacity 4934K, committed 4992K, reserved 1048576K
Event: 10,713 GC heap after
Heap after GC invocations=11 (full 1):
 PSYoungGen      total 185344K, used 5038K [0x00000000e0000000, 0x00000000ec180000, 0x0000000100000000)
  eden space 174080K, 0% used [0x00000000e0000000,0x00000000e0000000,0x00000000eaa00000)
  from space 11264K, 44% used [0x00000000eb480000,0x00000000eb96ba20,0x00000000ebf80000)
  to   space 10752K, 0% used [0x00000000eaa00000,0x00000000eaa00000,0x00000000eb480000)
 ParOldGen       total 32768K, used 16510K [0x00000000a0000000, 0x00000000a2000000, 0x00000000e0000000)
  object space 32768K, 50% used [0x00000000a0000000,0x00000000a101f908,0x00000000a2000000)
 Metaspace       used 34441K, capacity 35188K, committed 35416K, reserved 1079296K
  class space    used 4681K, capacity 4934K, committed 4992K, reserved 1048576K
}
Event: 10,713 GC heap before
{Heap before GC invocations=12 (full 2):
 PSYoungGen      total 185344K, used 5038K [0x00000000e0000000, 0x00000000ec180000, 0x0000000100000000)
  eden space 174080K, 0% used [0x00000000e0000000,0x00000000e0000000,0x00000000eaa00000)
  from space 11264K, 44% used [0x00000000eb480000,0x00000000eb96ba20,0x00000000ebf80000)
  to   space 10752K, 0% used [0x00000000eaa00000,0x00000000eaa00000,0x00000000eb480000)
 ParOldGen       total 32768K, used 16510K [0x00000000a0000000, 0x00000000a2000000, 0x00000000e0000000)
  object space 32768K, 50% used [0x00000000a0000000,0x00000000a101f908,0x00000000a2000000)
 Metaspace       used 34441K, capacity 35188K, committed 35416K, reserved 1079296K
  class space    used 4681K, capacity 4934K, committed 4992K, reserved 1048576K
Event: 10,876 GC heap after
Heap after GC invocations=12 (full 2):
 PSYoungGen      total 185344K, used 0K [0x00000000e0000000, 0x00000000ec180000, 0x0000000100000000)
  eden space 174080K, 0% used [0x00000000e0000000,0x00000000e0000000,0x00000000eaa00000)
  from space 11264K, 0% used [0x00000000eb480000,0x00000000eb480000,0x00000000ebf80000)
  to   space 10752K, 0% used [0x00000000eaa00000,0x00000000eaa00000,0x00000000eb480000)
 ParOldGen       total 38912K, used 14550K [0x00000000a0000000, 0x00000000a2600000, 0x00000000e0000000)
  object space 38912K, 37% used [0x00000000a0000000,0x00000000a0e35bc8,0x00000000a2600000)
 Metaspace       used 34441K, capacity 35188K, committed 35416K, reserved 1079296K
  class space    used 4681K, capacity 4934K, committed 4992K, reserved 1048576K
}
Event: 16,566 GC heap before
{Heap before GC invocations=13 (full 2):
 PSYoungGen      total 185344K, used 174080K [0x00000000e0000000, 0x00000000ec180000, 0x0000000100000000)
  eden space 174080K, 100% used [0x00000000e0000000,0x00000000eaa00000,0x00000000eaa00000)
  from space 11264K, 0% used [0x00000000eb480000,0x00000000eb480000,0x00000000ebf80000)
  to   space 10752K, 0% used [0x00000000eaa00000,0x00000000eaa00000,0x00000000eb480000)
 ParOldGen       total 38912K, used 14550K [0x00000000a0000000, 0x00000000a2600000, 0x00000000e0000000)
  object space 38912K, 37% used [0x00000000a0000000,0x00000000a0e35bc8,0x00000000a2600000)
 Metaspace       used 45903K, capacity 46872K, committed 47192K, reserved 1089536K
  class space    used 6144K, capacity 6475K, committed 6528K, reserved 1048576K
Event: 16,609 GC heap after
Heap after GC invocations=13 (full 2):
 PSYoungGen      total 184832K, used 10726K [0x00000000e0000000, 0x00000000f1600000, 0x0000000100000000)
  eden space 174080K, 0% used [0x00000000e0000000,0x00000000e0000000,0x00000000eaa00000)
  from space 10752K, 99% used [0x00000000eaa00000,0x00000000eb479870,0x00000000eb480000)
  to   space 14336K, 0% used [0x00000000f0800000,0x00000000f0800000,0x00000000f1600000)
 ParOldGen       total 38912K, used 20324K [0x00000000a0000000, 0x00000000a2600000, 0x00000000e0000000)
  object space 38912K, 52% used [0x00000000a0000000,0x00000000a13d92a8,0x00000000a2600000)
 Metaspace       used 45903K, capacity 46872K, committed 47192K, reserved 1089536K
  class space    used 6144K, capacity 6475K, committed 6528K, reserved 1048576K
}
Event: 23,109 GC heap before
{Heap before GC invocations=14 (full 2):
 PSYoungGen      total 184832K, used 184806K [0x00000000e0000000, 0x00000000f1600000, 0x0000000100000000)
  eden space 174080K, 100% used [0x00000000e0000000,0x00000000eaa00000,0x00000000eaa00000)
  from space 10752K, 99% used [0x00000000eaa00000,0x00000000eb479870,0x00000000eb480000)
  to   space 14336K, 0% used [0x00000000f0800000,0x00000000f0800000,0x00000000f1600000)
 ParOldGen       total 38912K, used 20324K [0x00000000a0000000, 0x00000000a2600000, 0x00000000e0000000)
  object space 38912K, 52% used [0x00000000a0000000,0x00000000a13d92a8,0x00000000a2600000)
 Metaspace       used 52549K, capacity 54262K, committed 54360K, reserved 1095680K
  class space    used 7125K, capacity 7546K, committed 7552K, reserved 1048576K
Event: 23,219 GC heap after
Heap after GC invocations=14 (full 2):
 PSYoungGen      total 266240K, used 13622K [0x00000000e0000000, 0x00000000f1600000, 0x0000000100000000)
  eden space 251904K, 0% used [0x00000000e0000000,0x00000000e0000000,0x00000000ef600000)
  from space 14336K, 95% used [0x00000000f0800000,0x00000000f154db80,0x00000000f1600000)
  to   space 16384K, 0% used [0x00000000ef600000,0x00000000ef600000,0x00000000f0600000)
 ParOldGen       total 38912K, used 28965K [0x00000000a0000000, 0x00000000a2600000, 0x00000000e0000000)
  object space 38912K, 74% used [0x00000000a0000000,0x00000000a1c495f0,0x00000000a2600000)
 Metaspace       used 52549K, capacity 54262K, committed 54360K, reserved 1095680K
  class space    used 7125K, capacity 7546K, committed 7552K, reserved 1048576K
}
Event: 29,380 GC heap before
{Heap before GC invocations=15 (full 2):
 PSYoungGen      total 266240K, used 85519K [0x00000000e0000000, 0x00000000f1600000, 0x0000000100000000)
  eden space 251904K, 28% used [0x00000000e0000000,0x00000000e4636220,0x00000000ef600000)
  from space 14336K, 95% used [0x00000000f0800000,0x00000000f154db80,0x00000000f1600000)
  to   space 16384K, 0% used [0x00000000ef600000,0x00000000ef600000,0x00000000f0600000)
 ParOldGen       total 38912K, used 28965K [0x00000000a0000000, 0x00000000a2600000, 0x00000000e0000000)
  object space 38912K, 74% used [0x00000000a0000000,0x00000000a1c495f0,0x00000000a2600000)
 Metaspace       used 57122K, capacity 58858K, committed 59028K, reserved 1099776K
  class space    used 7681K, capacity 8138K, committed 8192K, reserved 1048576K

