# JRE version: OpenJDK Runtime Environment (8.0_152-b01) (build 1.8.0_152-release-915-b01)
# Java VM: OpenJDK 64-Bit Server VM (25.152-b01 mixed mode linux-amd64 compressed oops)
Heap:
 PSYoungGen      total 270848K, used 8908K [0x00000000e0000000, 0x00000000f1780000, 0x0000000100000000)
  eden space 255488K, 0% used [0x00000000e0000000,0x00000000e0000000,0x00000000ef980000)
  from space 15360K, 58% used [0x00000000ef980000,0x00000000f0233368,0x00000000f0880000)
  to   space 12800K, 0% used [0x00000000f0b00000,0x00000000f0b00000,0x00000000f1780000)
 ParOldGen       total 38912K, used 32917K [0x00000000a0000000, 0x00000000a2600000, 0x00000000e0000000)
  object space 38912K, 84% used [0x00000000a0000000,0x00000000a2025538,0x00000000a2600000)
 Metaspace       used 56992K, capacity 58890K, committed 59028K, reserved 1099776K
  class space    used 7680K, capacity 8156K, committed 8192K, reserved 1048576K
GC Heap History (10 events):
Event: 13,782 GC heap after
Heap after GC invocations=10 (full 1):
 PSYoungGen      total 126464K, used 9185K [0x00000000e0000000, 0x00000000ebf00000, 0x0000000100000000)
  eden space 117248K, 0% used [0x00000000e0000000,0x00000000e0000000,0x00000000e7280000)
  from space 9216K, 99% used [0x00000000e7280000,0x00000000e7b78690,0x00000000e7b80000)
  to   space 10752K, 0% used [0x00000000eb480000,0x00000000eb480000,0x00000000ebf00000)
 ParOldGen       total 27136K, used 7462K [0x00000000a0000000, 0x00000000a1a80000, 0x00000000e0000000)
  object space 27136K, 27% used [0x00000000a0000000,0x00000000a0749908,0x00000000a1a80000)
 Metaspace       used 31379K, capacity 32076K, committed 32512K, reserved 1077248K
  class space    used 4275K, capacity 4503K, committed 4608K, reserved 1048576K
}
Event: 14,733 GC heap before
{Heap before GC invocations=11 (full 1):
 PSYoungGen      total 126464K, used 23451K [0x00000000e0000000, 0x00000000ebf00000, 0x0000000100000000)
  eden space 117248K, 12% used [0x00000000e0000000,0x00000000e0dee690,0x00000000e7280000)
  from space 9216K, 99% used [0x00000000e7280000,0x00000000e7b78690,0x00000000e7b80000)
  to   space 10752K, 0% used [0x00000000eb480000,0x00000000eb480000,0x00000000ebf00000)
 ParOldGen       total 27136K, used 7462K [0x00000000a0000000, 0x00000000a1a80000, 0x00000000e0000000)
  object space 27136K, 27% used [0x00000000a0000000,0x00000000a0749908,0x00000000a1a80000)
 Metaspace       used 34450K, capacity 35204K, committed 35416K, reserved 1079296K
  class space    used 4677K, capacity 4934K, committed 4992K, reserved 1048576K
Event: 14,749 GC heap after
Heap after GC invocations=11 (full 1):
 PSYoungGen      total 185344K, used 4995K [0x00000000e0000000, 0x00000000ec100000, 0x0000000100000000)
  eden space 174592K, 0% used [0x00000000e0000000,0x00000000e0000000,0x00000000eaa80000)
  from space 10752K, 46% used [0x00000000eb480000,0x00000000eb960fb8,0x00000000ebf00000)
  to   space 10240K, 0% used [0x00000000eaa80000,0x00000000eaa80000,0x00000000eb480000)
 ParOldGen       total 27136K, used 11090K [0x00000000a0000000, 0x00000000a1a80000, 0x00000000e0000000)
  object space 27136K, 40% used [0x00000000a0000000,0x00000000a0ad4968,0x00000000a1a80000)
 Metaspace       used 34450K, capacity 35204K, committed 35416K, reserved 1079296K
  class space    used 4677K, capacity 4934K, committed 4992K, reserved 1048576K
}
Event: 14,749 GC heap before
{Heap before GC invocations=12 (full 2):
 PSYoungGen      total 185344K, used 4995K [0x00000000e0000000, 0x00000000ec100000, 0x0000000100000000)
  eden space 174592K, 0% used [0x00000000e0000000,0x00000000e0000000,0x00000000eaa80000)
  from space 10752K, 46% used [0x00000000eb480000,0x00000000eb960fb8,0x00000000ebf00000)
  to   space 10240K, 0% used [0x00000000eaa80000,0x00000000eaa80000,0x00000000eb480000)
 ParOldGen       total 27136K, used 11090K [0x00000000a0000000, 0x00000000a1a80000, 0x00000000e0000000)
  object space 27136K, 40% used [0x00000000a0000000,0x00000000a0ad4968,0x00000000a1a80000)
 Metaspace       used 34450K, capacity 35204K, committed 35416K, reserved 1079296K
  class space    used 4677K, capacity 4934K, committed 4992K, reserved 1048576K
Event: 14,868 GC heap after
Heap after GC invocations=12 (full 2):
 PSYoungGen      total 185344K, used 0K [0x00000000e0000000, 0x00000000ec100000, 0x0000000100000000)
  eden space 174592K, 0% used [0x00000000e0000000,0x00000000e0000000,0x00000000eaa80000)
  from space 10752K, 0% used [0x00000000eb480000,0x00000000eb480000,0x00000000ebf00000)
  to   space 10240K, 0% used [0x00000000eaa80000,0x00000000eaa80000,0x00000000eb480000)
 ParOldGen       total 38912K, used 14535K [0x00000000a0000000, 0x00000000a2600000, 0x00000000e0000000)
  object space 38912K, 37% used [0x00000000a0000000,0x00000000a0e31de8,0x00000000a2600000)
 Metaspace       used 34450K, capacity 35204K, committed 35416K, reserved 1079296K
  class space    used 4677K, capacity 4934K, committed 4992K, reserved 1048576K
}
Event: 20,063 GC heap before
{Heap before GC invocations=13 (full 2):
 PSYoungGen      total 185344K, used 174592K [0x00000000e0000000, 0x00000000ec100000, 0x0000000100000000)
  eden space 174592K, 100% used [0x00000000e0000000,0x00000000eaa80000,0x00000000eaa80000)
  from space 10752K, 0% used [0x00000000eb480000,0x00000000eb480000,0x00000000ebf00000)
  to   space 10240K, 0% used [0x00000000eaa80000,0x00000000eaa80000,0x00000000eb480000)
 ParOldGen       total 38912K, used 14535K [0x00000000a0000000, 0x00000000a2600000, 0x00000000e0000000)
  object space 38912K, 37% used [0x00000000a0000000,0x00000000a0e31de8,0x00000000a2600000)
 Metaspace       used 45885K, capacity 46952K, committed 47192K, reserved 1089536K
  class space    used 6139K, capacity 6475K, committed 6528K, reserved 1048576K
Event: 20,198 GC heap after
Heap after GC invocations=13 (full 2):
 PSYoungGen      total 184832K, used 10237K [0x00000000e0000000, 0x00000000f1880000, 0x0000000100000000)
  eden space 174592K, 0% used [0x00000000e0000000,0x00000000e0000000,0x00000000eaa80000)
  from space 10240K, 99% used [0x00000000eaa80000,0x00000000eb47f5d8,0x00000000eb480000)
  to   space 13824K, 0% used [0x00000000f0b00000,0x00000000f0b00000,0x00000000f1880000)
 ParOldGen       total 38912K, used 20546K [0x00000000a0000000, 0x00000000a2600000, 0x00000000e0000000)
  object space 38912K, 52% used [0x00000000a0000000,0x00000000a1410b10,0x00000000a2600000)
 Metaspace       used 45885K, capacity 46952K, committed 47192K, reserved 1089536K
  class space    used 6139K, capacity 6475K, committed 6528K, reserved 1048576K
}
Event: 23,359 GC heap before
{Heap before GC invocations=14 (full 2):
 PSYoungGen      total 184832K, used 184829K [0x00000000e0000000, 0x00000000f1880000, 0x0000000100000000)
  eden space 174592K, 100% used [0x00000000e0000000,0x00000000eaa80000,0x00000000eaa80000)
  from space 10240K, 99% used [0x00000000eaa80000,0x00000000eb47f5d8,0x00000000eb480000)
  to   space 13824K, 0% used [0x00000000f0b00000,0x00000000f0b00000,0x00000000f1880000)
 ParOldGen       total 38912K, used 20546K [0x00000000a0000000, 0x00000000a2600000, 0x00000000e0000000)
  object space 38912K, 52% used [0x00000000a0000000,0x00000000a1410b10,0x00000000a2600000)
 Metaspace       used 51313K, capacity 53108K, committed 53208K, reserved 1095680K
  class space    used 6941K, capacity 7377K, committed 7424K, reserved 1048576K
Event: 23,394 GC heap after
Heap after GC invocations=14 (full 2):
 PSYoungGen      total 268288K, used 11883K [0x00000000e0000000, 0x00000000f1780000, 0x0000000100000000)
  eden space 255488K, 0% used [0x00000000e0000000,0x00000000e0000000,0x00000000ef980000)
  from space 12800K, 92% used [0x00000000f0b00000,0x00000000f169ac38,0x00000000f1780000)
  to   space 15360K, 0% used [0x00000000ef980000,0x00000000ef980000,0x00000000f0880000)
 ParOldGen       total 38912K, used 29159K [0x00000000a0000000, 0x00000000a2600000, 0x00000000e0000000)
  object space 38912K, 74% used [0x00000000a0000000,0x00000000a1c79e58,0x00000000a2600000)
 Metaspace       used 51313K, capacity 53108K, committed 53208K, reserved 1095680K
  class space    used 6941K, capacity 7377K, committed 7424K, reserved 1048576K
}
Event: 28,511 GC heap before
{Heap before GC invocations=15 (full 2):
 PSYoungGen      total 268288K, used 151248K [0x00000000e0000000, 0x00000000f1780000, 0x0000000100000000)
  eden space 255488K, 54% used [0x00000000e0000000,0x00000000e88195c8,0x00000000ef980000)
  from space 12800K, 92% used [0x00000000f0b00000,0x00000000f169ac38,0x00000000f1780000)
  to   space 15360K, 0% used [0x00000000ef980000,0x00000000ef980000,0x00000000f0880000)
 ParOldGen       total 38912K, used 29159K [0x00000000a0000000, 0x00000000a2600000, 0x00000000e0000000)
  object space 38912K, 74% used [0x00000000a0000000,0x00000000a1c79e58,0x00000000a2600000)
 Metaspace       used 56992K, capacity 58890K, committed 59028K, reserved 1099776K
  class space    used 7680K, capacity 8156K, committed 8192K, reserved 1048576K

